2016-06-15 15:07:25 start zbxora-1.01 pid=2964 Connecting for hostname cluster1_ASM...
2016-06-15 15:07:25.018910 to_zabbix_method: NOPzabbix_sender zabbix_sender -z 127.0.0.1 -T -i /home/bluegecko/zbxora_out/zbxora.cluster1-ASM.zbx
2016-06-15 15:07:25.018942 out_file:/home/bluegecko/zbxora_out/zbxora.cluster1-ASM.zbx
2016-06-15 15:07:26.641574: (1.1)connection error: ORA-12162: TNS:net service name is incorrectly specified for cistats@
2016-06-15 15:07:27.647002: (2.1)connection error: ORA-12162: TNS:net service name is incorrectly specified for cistats@
2016-06-15 15:07:28.681788: (3.1)connection error: ORA-12162: TNS:net service name is incorrectly specified for cistats@
2016-06-15 15:07:29.684269: (4.1)connection error: ORA-12162: TNS:net service name is incorrectly specified for cistats@
2016-06-15 15:07:30.686656: (5.1)connection error: ORA-12162: TNS:net service name is incorrectly specified for cistats@
2016-06-15 15:07:31.689298: (6.1)connection error: ORA-12162: TNS:net service name is incorrectly specified for cistats@
2016-06-15 15:07:32.692253: (7.1)connection error: ORA-12162: TNS:net service name is incorrectly specified for cistats@
2016-06-15 15:07:33.694733: (8.1)connection error: ORA-12162: TNS:net service name is incorrectly specified for cistats@
2016-06-15 15:07:34.698176: (9.1)connection error: ORA-12162: TNS:net service name is incorrectly specified for cistats@
2016-06-15 15:07:35.700726: (0.11)connection error: ORA-12162: TNS:net service name is incorrectly specified for cistats@
2016-06-15 15:07:46.710196: (1.11)connection error: ORA-12162: TNS:net service name is incorrectly specified for cistats@
2016-06-15 15:07:57.713884: (2.11)connection error: ORA-12162: TNS:net service name is incorrectly specified for cistats@
2016-06-15 15:08:08.726402: (3.11)connection error: ORA-12162: TNS:net service name is incorrectly specified for cistats@
Traceback (most recent call last):
  File "/opt/utils/zbxora/bin/zbxora.py", line 131, in <module>
    INIF = open(OPTIONS.configfile, 'r')
IOError: [Errno 2] No such file or directory: 'etc/zbxora.cluster1-ASM.cfg'
